SUPER ADMIN realizou login
SUPER ADMIN realizou login
SUPER ADMIN realizou login
teste teste realizou login
Documento Teste Aluno - Teste Alunos - 12-04-2008 para Teste Aluno carregado com sucesso.
Documento Teste Colaborador - Teste Colaboradores - 18-05-2006 para Teste Colaborador carregado com sucesso.
Documento institucional Teste FASDA carregado com sucesso.
teste teste realizou login
teste teste realizou login
SUPER ADMIN realizou login
Usuário 'SUPER ADMIN' registrou um novo usuário: 'Tese Sem'
Tese Sem realizou login
SUPER ADMIN realizou login
teste teste realizou login
teste teste realizou login
teste teste realizou login
teste teste realizou login
teste teste realizou login
teste teste realizou login
teste teste realizou login
teste teste realizou login
teste teste realizou login
teste teste realizou login
teste teste realizou login
teste teste realizou login
teste teste realizou login
teste teste realizou login
teste teste realizou login
teste teste realizou login
teste teste realizou login
teste teste realizou login
teste teste realizou login
teste teste realizou login
teste teste realizou login
teste teste realizou login
