teste teste realizou login
SUPER ADMIN realizou login
Usuário 'SUPER ADMIN' atualizou o grupo: 'SUPER ADMIN'
Usuário 'SUPER ADMIN' atualizou o grupo: 'SUPER ADMIN'
SUPER ADMIN realizou login
SUPER ADMIN realizou login
SUPER ADMIN realizou login
SUPER ADMIN realizou login
SUPER ADMIN realizou login
Usuário 'SUPER ADMIN' atualizou o grupo: 'SUPER ADMIN'
Usuário 'SUPER ADMIN' atualizou o grupo: 'SUPER ADMIN'
Usuário 'SUPER ADMIN' registrou um novo grupo: 'rh'
Usuário 'SUPER ADMIN' registrou um novo grupo: 'rh'
Usuário 'SUPER ADMIN' registrou um novo usuário: 'JONAS'
JONAS realizou login
SUPER ADMIN realizou login
Usuário 'SUPER ADMIN' atualizou o grupo: 'rh'
JONAS realizou login
Colaborador Gustavo criado com sucesso.
SUPER ADMIN realizou login
SUPER ADMIN realizou login
SUPER ADMIN realizou login
teste teste realizou login
teste teste realizou login
Documento Teste Aluno - Teste Alunos - 14-12-2005 para Teste Aluno carregado com sucesso.
teste teste realizou login
