teste teste realizou login
SUPER ADMIN realizou login
Usuário 'SUPER ADMIN' atualizou o grupo: 'SUPER ADMIN'
Usuário 'SUPER ADMIN' atualizou o grupo: 'SUPER ADMIN'
SUPER ADMIN realizou login
SUPER ADMIN realizou login
SUPER ADMIN realizou login
SUPER ADMIN realizou login
SUPER ADMIN realizou login
Usuário 'SUPER ADMIN' atualizou o grupo: 'SUPER ADMIN'
Usuário 'SUPER ADMIN' atualizou o grupo: 'SUPER ADMIN'
Usuário 'SUPER ADMIN' registrou um novo grupo: 'rh'
Usuário 'SUPER ADMIN' registrou um novo grupo: 'rh'
Usuário 'SUPER ADMIN' registrou um novo usuário: 'JONAS'
JONAS realizou login
SUPER ADMIN realizou login
Usuário 'SUPER ADMIN' atualizou o grupo: 'rh'
JONAS realizou login
Colaborador Gustavo criado com sucesso.
SUPER ADMIN realizou login
SUPER ADMIN realizou login
teste teste realizou login
teste teste realizou login
SUPER ADMIN realizou login
teste teste realizou login
teste teste realizou login
teste teste realizou login
Documento Teste Aluno - Teste Alunos - 31-10-2025 para Teste Aluno carregado com sucesso.
Documento Teste Aluno - Teste Alunos - 31-10-2025 para Teste Aluno carregado com sucesso.
Documento Teste Aluno - Teste Alunos - 31-10-2025 para Teste Aluno carregado com sucesso.
Documento Teste Aluno - Teste Alunos - 31-10-2025 para Teste Aluno carregado com sucesso.
Documento Teste Aluno - Teste Alunos - 31-10-2025 para Teste Aluno carregado com sucesso.
teste teste realizou login
Documento Teste Aluno - Teste Alunos - 17-10-2025 para Teste Aluno carregado com sucesso.
SUPER ADMIN realizou login
Documento Teste Aluno - Teste Alunos - 31-10-2025 para Teste Aluno carregado com sucesso.
SUPER ADMIN realizou login
SUPER ADMIN realizou login
Documento Teste Aluno - Teste Alunos - 31-10-2025 para Teste Aluno carregado com sucesso.
teste teste realizou login
teste teste realizou login
teste teste realizou login
Documento Teste Aluno - Teste Alunos - 29-10-2025 para Teste Aluno carregado com sucesso.
Status do documento com ID 106 alterado para INATIVO
Status do documento com ID 108 alterado para INATIVO
Status do documento com ID 103 alterado para INATIVO
Status do documento com ID 1 alterado para INATIVO
Status do documento com ID 152 alterado para INATIVO
Status do documento com ID 4 alterado para INATIVO
Status do documento com ID 107 alterado para INATIVO
Status do documento com ID 2 alterado para INATIVO
Status do documento com ID 109 alterado para INATIVO
Status do documento com ID 105 alterado para INATIVO
Status do documento com ID 104 alterado para INATIVO
Status do documento com ID 102 alterado para INATIVO
teste teste realizou login
teste teste realizou login
Documento Teste Aluno - Teste Alunos - 16-10-2025 para Teste Aluno carregado com sucesso.
SUPER ADMIN realizou login
SUPER ADMIN realizou login
Tipo de documento Teste Aluno criado com sucesso.
Tipo de documento Teste Colaborador criado com sucesso.
Tipo de documento Teste Instituição criado com sucesso.
Usuário 'SUPER ADMIN' registrou um novo grupo: 'Com Permissao'
Usuário 'SUPER ADMIN' registrou um novo grupo: 'Com Permissao'
Usuário 'SUPER ADMIN' registrou um novo grupo: 'Sem Permissao'
Usuário 'SUPER ADMIN' registrou um novo grupo: 'Permissao Parcial'
Aluno Teste Aluno criado com sucesso.
Colaborador Colaborador Teste criado com sucesso.
Usuário 'SUPER ADMIN' registrou um novo usuário: 'Teste Com'
Usuário 'SUPER ADMIN' registrou um novo usuário: 'Teste Sem'
Usuário 'SUPER ADMIN' registrou um novo usuário: 'Teste Parcial'
Teste Sem realizou login
Teste Parcial realizou login
Teste Com realizou login
Teste Com realizou login
Teste Parcial realizou login
Usuário 'SUPER ADMIN' atualizou o grupo: 'Permissao Parcial'
Teste Parcial realizou login
Teste Com realizou login
Documento Teste Aluno - Teste Aluno - 01-11-2025 para Teste Aluno carregado com sucesso.
Documento Colaborador Teste - Teste Colaborador - 09-10-2025 para Colaborador Teste carregado com sucesso.
