SUPER ADMIN realizou login
Usuário 'SUPER ADMIN' atualizou o grupo: 'SUPER ADMIN'
Usuário 'SUPER ADMIN' atualizou o grupo: 'SUPER ADMIN'
SUPER ADMIN realizou login
SUPER ADMIN realizou login
SUPER ADMIN realizou login
SUPER ADMIN realizou login
SUPER ADMIN realizou login
Usuário 'SUPER ADMIN' atualizou o grupo: 'SUPER ADMIN'
Usuário 'SUPER ADMIN' atualizou o grupo: 'SUPER ADMIN'
Usuário 'SUPER ADMIN' registrou um novo grupo: 'rh'
Usuário 'SUPER ADMIN' registrou um novo grupo: 'rh'
Usuário 'SUPER ADMIN' registrou um novo usuário: 'JONAS'
JONAS realizou login
SUPER ADMIN realizou login
Usuário 'SUPER ADMIN' atualizou o grupo: 'rh'
JONAS realizou login
Colaborador Gustavo criado com sucesso.
SUPER ADMIN realizou login
SUPER ADMIN realizou login
SUPER ADMIN realizou login
SUPER ADMIN realizou login
teste teste realizou login
teste teste realizou login
teste teste realizou login
teste teste realizou login
teste teste realizou login
teste teste realizou login
teste teste realizou login
teste teste realizou login
